  BasicStuff.cpp
  Boss1.cpp
  Boss1Weapon.cpp
  Boss2.cpp
  Boss2Weapon.cpp
  Boss3.cpp
  Boss3firstWeapon.cpp
  Boss3SecWeapon.cpp
  Bullet.cpp
  Collision.cpp
  Cow.cpp
Cow.cpp(11): warning C4244: '=': conversion from 'double' to 'float', possible loss of data
  DiffSet.cpp
  DoubleShot.cpp
  Enemy.cpp
  EnemyFormation.cpp
  Entity.cpp
  Game.cpp
  GraphicSet.cpp
  GUI.cpp
  HealthDrop.cpp
  Compiling...
  Highscore.cpp
  HighscoreList.cpp
  HighscoreManager.cpp
  IngameSfx.cpp
IngameSfx.cpp(24): warning C4244: 'argument': conversion from 'int' to 'float', possible loss of data
IngameSfx.cpp(26): warning C4244: 'argument': conversion from 'int' to 'float', possible loss of data
IngameSfx.cpp(28): warning C4244: 'argument': conversion from 'int' to 'float', possible loss of data
IngameSfx.cpp(30): warning C4244: 'argument': conversion from 'int' to 'float', possible loss of data
IngameSfx.cpp(32): warning C4244: 'argument': conversion from 'int' to 'float', possible loss of data
IngameSfx.cpp(34): warning C4244: 'argument': conversion from 'int' to 'float', possible loss of data
IngameSfx.cpp(36): warning C4244: 'argument': conversion from 'int' to 'float', possible loss of data
IngameSfx.cpp(38): warning C4244: 'argument': conversion from 'int' to 'float', possible loss of data
IngameSfx.cpp(40): warning C4244: 'argument': conversion from 'int' to 'float', possible loss of data
IngameSfx.cpp(42): warning C4244: 'argument': conversion from 'int' to 'float', possible loss of data
IngameSfx.cpp(44): warning C4244: 'argument': conversion from 'int' to 'float', possible loss of data
IngameSfx.cpp(46): warning C4244: 'argument': conversion from 'int' to 'float', possible loss of data
  Intro.cpp
  IOdiff.cpp
  IOHighscore.cpp
  IOscreen.cpp
  IOsmooth.cpp
  IOsound.cpp
  IOstuff.cpp
  IOtwoPlayer.cpp
  main.cpp
  MainMenuState.cpp
  MenuSfx.cpp
MenuSfx.cpp(13): warning C4244: 'argument': conversion from 'int' to 'float', possible loss of data
  MessageHandler.cpp
MessageHandler.cpp(40): warning C4244: '+=': conversion from 'float' to 'int', possible loss of data
  Music.cpp
Music.cpp(9): warning C4244: 'argument': conversion from 'int' to 'float', possible loss of data
Music.cpp(22): warning C4244: 'argument': conversion from 'int' to 'float', possible loss of data
Music.cpp(30): warning C4244: 'argument': conversion from 'int' to 'float', possible loss of data
Music.cpp(31): warning C4244: 'argument': conversion from 'int' to 'float', possible loss of data
Music.cpp(55): warning C4244: 'argument': conversion from 'int' to 'float', possible loss of data
Music.cpp(59): warning C4244: 'argument': conversion from 'int' to 'float', possible loss of data
  Pew.cpp
  Player.cpp
  Player2.cpp
Player2.cpp(7): warning C4305: '=': truncation from 'double' to 'float'
Player2.cpp(24): warning C4018: '<': signed/unsigned mismatch
Player2.cpp(27): warning C4244: '=': conversion from 'unsigned int' to 'float', possible loss of data
Player2.cpp(36): warning C4018: '>': signed/unsigned mismatch
Player2.cpp(47): warning C4018: '<': signed/unsigned mismatch
Player2.cpp(58): warning C4018: '>': signed/unsigned mismatch
Player2.cpp(60): warning C4244: '=': conversion from 'unsigned int' to 'float', possible loss of data
  Compiling...
  PlayState.cpp
  RenderManager.cpp
  Settings.cpp
  Shitbullets.cpp
  SoundSet.cpp
  SpaceMonkey.cpp
  SpawnManager.cpp
  SplashState.cpp
  StateManager.cpp
  UnlockPew.cpp
  UpdateManager.cpp
  WeaponManager.cpp
  WeaponShooter.cpp
IOstuff.obj : warning LNK4006: "public: void __thiscall IOsound::WriteSoundSettings(int &)" (?WriteSoundSettings@IOsound@@QAEXAAH@Z) already defined in IOsound.obj; second definition ignored
IOstuff.obj : warning LNK4006: "public: void __thiscall IOsound::ReadSoundSettings(int &)" (?ReadSoundSettings@IOsound@@QAEXAAH@Z) already defined in IOsound.obj; second definition ignored
IOstuff.obj : warning LNK4006: "public: void __thiscall IOsmooth::WriteSmoothSettings(bool &)" (?WriteSmoothSettings@IOsmooth@@QAEXAA_N@Z) already defined in IOsmooth.obj; second definition ignored
IOstuff.obj : warning LNK4006: "public: bool __thiscall IOsmooth::ReadSmoothSettings(void)" (?ReadSmoothSettings@IOsmooth@@QAE_NXZ) already defined in IOsmooth.obj; second definition ignored
IOstuff.obj : warning LNK4006: "public: void __thiscall IOscreen::setScreenSettings(bool &)" (?setScreenSettings@IOscreen@@QAEXAA_N@Z) already defined in IOscreen.obj; second definition ignored
IOstuff.obj : warning LNK4006: "public: bool __thiscall IOscreen::getScreenSettings(void)" (?getScreenSettings@IOscreen@@QAE_NXZ) already defined in IOscreen.obj; second definition ignored
IOstuff.obj : warning LNK4006: "public: void __thiscall IOHighscore::WriteHighscore(class HighscoreManager &)" (?WriteHighscore@IOHighscore@@QAEXAAVHighscoreManager@@@Z) already defined in IOHighscore.obj; second definition ignored
IOstuff.obj : warning LNK4006: "private: void __thiscall IOHighscore::closeWrite(void)" (?closeWrite@IOHighscore@@AAEXXZ) already defined in IOHighscore.obj; second definition ignored
IOstuff.obj : warning LNK4006: "private: void __thiscall IOHighscore::openWrite(void)" (?openWrite@IOHighscore@@AAEXXZ) already defined in IOHighscore.obj; second definition ignored
IOstuff.obj : warning LNK4006: "public: void __thiscall IOdiff::WriteDiffSettings(int &)" (?WriteDiffSettings@IOdiff@@QAEXAAH@Z) already defined in IOdiff.obj; second definition ignored
IOstuff.obj : warning LNK4006: "public: int __thiscall IOdiff::ReadDiffSettings(void)" (?ReadDiffSettings@IOdiff@@QAEHXZ) already defined in IOdiff.obj; second definition ignored
IOtwoPlayer.obj : warning LNK4006: "public: void __thiscall IOtwoPlayer::WriteSettings(bool &)" (?WriteSettings@IOtwoPlayer@@QAEXAA_N@Z) already defined in IOstuff.obj; second definition ignored
IOtwoPlayer.obj : warning LNK4006: "public: bool __thiscall IOtwoPlayer::ReadSettings(void)" (?ReadSettings@IOtwoPlayer@@QAE_NXZ) already defined in IOstuff.obj; second definition ignored
C:\Users\Kylie\Desktop\Xavier1stYr1stSemAssessment\Release\Xavier1stYr1stSemAssessment.exe : warning LNK4088: image being generated due to /FORCE option; image may not run
  Generating code
  All 2653 functions were compiled because no usable IPDB/IOBJ from previous compilation was found.
  Finished generating code
IOstuff.obj : fatal error LNK1179: invalid or corrupt file: duplicate COMDAT '?ReadDiffSettings@IOdiff@@QAEHXZ'
